#
# There is insufficient memory for the Java Runtime Environment to continue.
# Native memory allocation (malloc) failed to allocate 754000 bytes for Chunk::new
# Possible reasons:
#   The system is out of physical RAM or swap space
#   The process is running with CompressedOops enabled, and the Java Heap may be blocking the growth of the native heap
# Possible solutions:
#   Reduce memory load on the system
#   Increase physical memory or swap space
#   Check if swap backing store is full
#   Decrease Java heap size (-Xmx/-Xms)
#   Decrease number of Java threads
#   Decrease Java thread stack sizes (-Xss)
#   Set larger code cache with -XX:ReservedCodeCacheSize=
#   JVM is running with Unscaled Compressed Oops mode in which the Java heap is
#     placed in the first 4GB address space. The Java Heap base address is the
#     maximum limit for the native heap growth. Please use -XX:HeapBaseMinAddress
#     to set the Java Heap base and to place the Java Heap above 4GB virtual address.
# This output file may be truncated or incomplete.
#
#  Out of Memory Error (./open/src/hotspot/share/memory/arena.cpp:195), pid=21936, tid=23364
#
# JRE version: Java(TM) SE Runtime Environment (15.0.2+7) (build 15.0.2+7-27)
# Java VM: Java HotSpot(TM) 64-Bit Server VM (15.0.2+7-27, mixed mode, sharing, tiered, compressed oops, g1 gc, windows-amd64)
# No core dump will be written. Minidumps are not enabled by default on client versions of Windows
#

---------------  S U M M A R Y ------------

Command Line: -Dfile.encoding=Cp1252 -XX:+ShowCodeDetailsInExceptionMessages quiz_application.Rules

Host: Intel(R) Core(TM) i5-6200U CPU @ 2.30GHz, 4 cores, 7G,  Windows 10 , 64 bit Build 19041 (10.0.19041.1023)
Time: Sat Jul 24 03:04:28 2021 India Standard Time elapsed time: 0.890454 seconds (0d 0h 0m 0s)

---------------  T H R E A D  ---------------

Current thread (0x00000177ff639230):  JavaThread "C2 CompilerThread0" daemon [_thread_in_native, id=23364, stack(0x00000034aae00000,0x00000034aaf00000)]


Current CompileTask:
C2:    890  842   !   4       sun.font.TrueTypeFont::getTableBuffer (199 bytes)

Stack: [0x00000034aae00000,0x00000034aaf00000]
Native frames: (J=compiled Java code, j=interpreted, Vv=VM code, C=native code)
V  [jvm.dll+0x62ae9a]
V  [jvm.dll+0x7817a9]
V  [jvm.dll+0x782f03]
V  [jvm.dll+0x783563]
V  [jvm.dll+0x216325]
V  [jvm.dll+0x97f3a]
V  [jvm.dll+0x9861c]
V  [jvm.dll+0x32e305]
V  [jvm.dll+0x2f768a]
V  [jvm.dll+0x2f6a4a]
V  [jvm.dll+0x1ea705]
V  [jvm.dll+0x1e996e]
V  [jvm.dll+0x178567]
V  [jvm.dll+0x1f9225]
V  [jvm.dll+0x1f72cc]
V  [jvm.dll+0x74495d]
V  [jvm.dll+0x73d75a]
V  [jvm.dll+0x629c56]
C  [ucrtbase.dll+0x21bb2]
C  [KERNEL32.DLL+0x17034]
C  [ntdll.dll+0x52651]


---------------  P R O C E S S  ---------------

Threads class SMR info:
_java_thread_list=0x000001779750d0e0, length=15, elements={
0x00000177ff60cbe0, 0x00000177ff60d6c0, 0x00000177ff6289e0, 0x00000177ff6292a0,
0x00000177ff62ab70, 0x00000177ff639230, 0x00000177ff63bbf0, 0x00000177ff63c4f0,
0x000001779722da50, 0x00000177972343f0, 0x00000177974914d0, 0x0000017797494460,
0x000001779749b650, 0x00000177974d41c0, 0x00000177f853d1b0
}

Java Threads: ( => current thread )
  0x00000177ff60cbe0 JavaThread "Reference Handler" daemon [_thread_blocked, id=20792, stack(0x00000034aa900000,0x00000034aaa00000)]
  0x00000177ff60d6c0 JavaThread "Finalizer" daemon [_thread_blocked, id=4928, stack(0x00000034aaa00000,0x00000034aab00000)]
  0x00000177ff6289e0 JavaThread "Signal Dispatcher" daemon [_thread_blocked, id=24476, stack(0x00000034aab00000,0x00000034aac00000)]
  0x00000177ff6292a0 JavaThread "Attach Listener" daemon [_thread_blocked, id=12144, stack(0x00000034aac00000,0x00000034aad00000)]
  0x00000177ff62ab70 JavaThread "Service Thread" daemon [_thread_blocked, id=22688, stack(0x00000034aad00000,0x00000034aae00000)]
=>0x00000177ff639230 JavaThread "C2 CompilerThread0" daemon [_thread_in_native, id=23364, stack(0x00000034aae00000,0x00000034aaf00000)]
  0x00000177ff63bbf0 JavaThread "C1 CompilerThread0" daemon [_thread_blocked, id=5316, stack(0x00000034aaf00000,0x00000034ab000000)]
  0x00000177ff63c4f0 JavaThread "Sweeper thread" daemon [_thread_blocked, id=20108, stack(0x00000034ab000000,0x00000034ab100000)]
  0x000001779722da50 JavaThread "Notification Thread" daemon [_thread_blocked, id=19660, stack(0x00000034ab100000,0x00000034ab200000)]
  0x00000177972343f0 JavaThread "Common-Cleaner" daemon [_thread_blocked, id=23088, stack(0x00000034ab300000,0x00000034ab400000)]
  0x00000177974914d0 JavaThread "Java2D Disposer" daemon [_thread_blocked, id=23092, stack(0x00000034ab400000,0x00000034ab500000)]
  0x0000017797494460 JavaThread "AWT-Shutdown" [_thread_blocked, id=23132, stack(0x00000034ab500000,0x00000034ab600000)]
  0x000001779749b650 JavaThread "AWT-Windows" daemon [_thread_in_native, id=23776, stack(0x00000034ab600000,0x00000034ab700000)]
  0x00000177974d41c0 JavaThread "AWT-EventQueue-0" [_thread_blocked, id=23460, stack(0x00000034ab700000,0x00000034ab800000)]
  0x00000177f853d1b0 JavaThread "DestroyJavaVM" [_thread_blocked, id=20996, stack(0x00000034aa200000,0x00000034aa300000)]

Other Threads:
  0x00000177ff609440 VMThread "VM Thread" [stack: 0x00000034aa800000,0x00000034aa900000] [id=23960]
  0x0000017797233f40 WatcherThread [stack: 0x00000034ab200000,0x00000034ab300000] [id=23472]
  0x00000177f857f380 GCTaskThread "GC Thread#0" [stack: 0x00000034aa300000,0x00000034aa400000] [id=15692]
  0x0000017798046320 GCTaskThread "GC Thread#1" [stack: 0x00000034ab800000,0x00000034ab900000] [id=23148]
  0x0000017798047310 GCTaskThread "GC Thread#2" [stack: 0x00000034ab900000,0x00000034aba00000] [id=22612]
  0x0000017798045000 GCTaskThread "GC Thread#3" [stack: 0x00000034aba00000,0x00000034abb00000] [id=8052]
  0x00000177f85919d0 ConcurrentGCThread "G1 Main Marker" [stack: 0x00000034aa400000,0x00000034aa500000] [id=23792]
  0x00000177f8592550 ConcurrentGCThread "G1 Conc#0" [stack: 0x00000034aa500000,0x00000034aa600000] [id=9796]
  0x00000177f860ea30 ConcurrentGCThread "G1 Refine#0" [stack: 0x00000034aa600000,0x00000034aa700000] [id=1440]
  0x00000177f8610310 ConcurrentGCThread "G1 Young RemSet Sampling" [stack: 0x00000034aa700000,0x00000034aa800000] [id=21060]

Threads with active compile tasks:
C2 CompilerThread0      959  842   !   4       sun.font.TrueTypeFont::getTableBuffer (199 bytes)

VM state: not at safepoint (normal execution)

VM Mutex/Monitor currently owned by a thread: None

Heap address: 0x0000000081a00000, size: 2022 MB, Compressed Oops mode: 32-bit
CDS archive(s) mapped at: [0x0000000800000000-0x0000000800b50000-0x0000000800b50000), size 11862016, SharedBaseAddress: 0x0000000800000000, ArchiveRelocationMode: 0.
Compressed class space mapped at: 0x0000000800b50000-0x0000000840b50000, size: 1073741824
Narrow klass base: 0x0000000800000000, Narrow klass shift: 3, Narrow klass range: 0x100000000

GC Precious Log:
 CPUs: 4 total, 4 available
 Memory: 8083M
 Large Page Support: Disabled
 NUMA Support: Disabled
 Compressed Oops: Enabled (32-bit)
 Heap Region Size: 1M
 Heap Min Capacity: 8M
 Heap Initial Capacity: 128M
 Heap Max Capacity: 2022M
 Pre-touch: Disabled
 Parallel Workers: 4
 Concurrent Workers: 1
 Concurrent Refinement Workers: 4
 Periodic GC: Disabled

Heap:
 garbage-first heap   total 131072K, used 5649K [0x0000000081a00000, 0x0000000100000000)
  region size 1024K, 3 young (3072K), 2 survivors (2048K)
 Metaspace       used 6616K, capacity 6785K, committed 6912K, reserved 1056768K
  class space    used 686K, capacity 765K, committed 768K, reserved 1048576K

Heap Regions: E=young(eden), S=young(survivor), O=old, HS=humongous(starts), HC=humongous(continues), CS=collection set, F=free, OA=open archive, CA=closed archive, TAMS=top-at-mark-start (previous, next)
|   0|0x0000000081a00000, 0x0000000081b00000, 0x0000000081b00000|100%|HS|  |TAMS 0x0000000081a00000, 0x0000000081a00000| Complete 
|   1|0x0000000081b00000, 0x0000000081c00000, 0x0000000081c00000|100%|HC|  |TAMS 0x0000000081b00000, 0x0000000081b00000| Complete 
|   2|0x0000000081c00000, 0x0000000081d00000, 0x0000000081d00000|100%|HC|  |TAMS 0x0000000081c00000, 0x0000000081c00000| Complete 
|   3|0x0000000081d00000, 0x0000000081d84400, 0x0000000081e00000| 51%| O|  |TAMS 0x0000000081d00000, 0x0000000081d00000| Untracked 
|   4|0x0000000081e00000, 0x0000000081e00000, 0x0000000081f00000|  0%| F|  |TAMS 0x0000000081e00000, 0x0000000081e00000| Untracked 
|   5|0x0000000081f00000, 0x0000000081f00000, 0x0000000082000000|  0%| F|  |TAMS 0x0000000081f00000, 0x0000000081f00000| Untracked 
|   6|0x0000000082000000, 0x0000000082000000, 0x0000000082100000|  0%| F|  |TAMS 0x0000000082000000, 0x0000000082000000| Untracked 
|   7|0x0000000082100000, 0x0000000082100000, 0x0000000082200000|  0%| F|  |TAMS 0x0000000082100000, 0x0000000082100000| Untracked 
|   8|0x0000000082200000, 0x0000000082200000, 0x0000000082300000|  0%| F|  |TAMS 0x0000000082200000, 0x0000000082200000| Untracked 
|   9|0x0000000082300000, 0x0000000082300000, 0x0000000082400000|  0%| F|  |TAMS 0x0000000082300000, 0x0000000082300000| Untracked 
|  10|0x0000000082400000, 0x0000000082400000, 0x0000000082500000|  0%| F|  |TAMS 0x0000000082400000, 0x0000000082400000| Untracked 
|  11|0x0000000082500000, 0x0000000082500000, 0x0000000082600000|  0%| F|  |TAMS 0x0000000082500000, 0x0000000082500000| Untracked 
|  12|0x0000000082600000, 0x0000000082600000, 0x0000000082700000|  0%| F|  |TAMS 0x0000000082600000, 0x0000000082600000| Untracked 
|  13|0x0000000082700000, 0x0000000082700000, 0x0000000082800000|  0%| F|  |TAMS 0x0000000082700000, 0x0000000082700000| Untracked 
|  14|0x0000000082800000, 0x0000000082800000, 0x0000000082900000|  0%| F|  |TAMS 0x0000000082800000, 0x0000000082800000| Untracked 
|  15|0x0000000082900000, 0x0000000082900000, 0x0000000082a00000|  0%| F|  |TAMS 0x0000000082900000, 0x0000000082900000| Untracked 
|  16|0x0000000082a00000, 0x0000000082a00000, 0x0000000082b00000|  0%| F|  |TAMS 0x0000000082a00000, 0x0000000082a00000| Untracked 
|  17|0x0000000082b00000, 0x0000000082b00000, 0x0000000082c00000|  0%| F|  |TAMS 0x0000000082b00000, 0x0000000082b00000| Untracked 
|  18|0x0000000082c00000, 0x0000000082c00000, 0x0000000082d00000|  0%| F|  |TAMS 0x0000000082c00000, 0x0000000082c00000| Untracked 
|  19|0x0000000082d00000, 0x0000000082d00000, 0x0000000082e00000|  0%| F|  |TAMS 0x0000000082d00000, 0x0000000082d00000| Untracked 
|  20|0x0000000082e00000, 0x0000000082e00000, 0x0000000082f00000|  0%| F|  |TAMS 0x0000000082e00000, 0x0000000082e00000| Untracked 
|  21|0x0000000082f00000, 0x0000000082f00000, 0x0000000083000000|  0%| F|  |TAMS 0x0000000082f00000, 0x0000000082f00000| Untracked 
|  22|0x0000000083000000, 0x0000000083000000, 0x0000000083100000|  0%| F|  |TAMS 0x0000000083000000, 0x0000000083000000| Untracked 
|  23|0x0000000083100000, 0x0000000083100000, 0x0000000083200000|  0%| F|  |TAMS 0x0000000083100000, 0x0000000083100000| Untracked 
|  24|0x0000000083200000, 0x0000000083200000, 0x0000000083300000|  0%| F|  |TAMS 0x0000000083200000, 0x0000000083200000| Untracked 
|  25|0x0000000083300000, 0x0000000083300000, 0x0000000083400000|  0%| F|  |TAMS 0x0000000083300000, 0x0000000083300000| Untracked 
|  26|0x0000000083400000, 0x0000000083400000, 0x0000000083500000|  0%| F|  |TAMS 0x0000000083400000, 0x0000000083400000| Untracked 
|  27|0x0000000083500000, 0x0000000083500000, 0x0000000083600000|  0%| F|  |TAMS 0x0000000083500000, 0x0000000083500000| Untracked 
|  28|0x0000000083600000, 0x0000000083600000, 0x0000000083700000|  0%| F|  |TAMS 0x0000000083600000, 0x0000000083600000| Untracked 
|  29|0x0000000083700000, 0x0000000083700000, 0x0000000083800000|  0%| F|  |TAMS 0x0000000083700000, 0x0000000083700000| Untracked 
|  30|0x0000000083800000, 0x0000000083800000, 0x0000000083900000|  0%| F|  |TAMS 0x0000000083800000, 0x0000000083800000| Untracked 
|  31|0x0000000083900000, 0x0000000083900000, 0x0000000083a00000|  0%| F|  |TAMS 0x0000000083900000, 0x0000000083900000| Untracked 
|  32|0x0000000083a00000, 0x0000000083a00000, 0x0000000083b00000|  0%| F|  |TAMS 0x0000000083a00000, 0x0000000083a00000| Untracked 
|  33|0x0000000083b00000, 0x0000000083b00000, 0x0000000083c00000|  0%| F|  |TAMS 0x0000000083b00000, 0x0000000083b00000| Untracked 
|  34|0x0000000083c00000, 0x0000000083c00000, 0x0000000083d00000|  0%| F|  |TAMS 0x0000000083c00000, 0x0000000083c00000| Untracked 
|  35|0x0000000083d00000, 0x0000000083d00000, 0x0000000083e00000|  0%| F|  |TAMS 0x0000000083d00000, 0x0000000083d00000| Untracked 
|  36|0x0000000083e00000, 0x0000000083e00000, 0x0000000083f00000|  0%| F|  |TAMS 0x0000000083e00000, 0x0000000083e00000| Untracked 
|  37|0x0000000083f00000, 0x0000000083f00000, 0x0000000084000000|  0%| F|  |TAMS 0x0000000083f00000, 0x0000000083f00000| Untracked 
|  38|0x0000000084000000, 0x0000000084000000, 0x0000000084100000|  0%| F|  |TAMS 0x0000000084000000, 0x0000000084000000| Untracked 
|  39|0x0000000084100000, 0x0000000084100000, 0x0000000084200000|  0%| F|  |TAMS 0x0000000084100000, 0x0000000084100000| Untracked 
|  40|0x0000000084200000, 0x0000000084200000, 0x0000000084300000|  0%| F|  |TAMS 0x0000000084200000, 0x0000000084200000| Untracked 
|  41|0x0000000084300000, 0x0000000084300000, 0x0000000084400000|  0%| F|  |TAMS 0x0000000084300000, 0x0000000084300000| Untracked 
|  42|0x0000000084400000, 0x0000000084400000, 0x0000000084500000|  0%| F|  |TAMS 0x0000000084400000, 0x0000000084400000| Untracked 
|  43|0x0000000084500000, 0x0000000084500000, 0x0000000084600000|  0%| F|  |TAMS 0x0000000084500000, 0x0000000084500000| Untracked 
|  44|0x0000000084600000, 0x0000000084600000, 0x0000000084700000|  0%| F|  |TAMS 0x0000000084600000, 0x0000000084600000| Untracked 
|  45|0x0000000084700000, 0x0000000084700000, 0x0000000084800000|  0%| F|  |TAMS 0x0000000084700000, 0x0000000084700000| Untracked 
|  46|0x0000000084800000, 0x0000000084800000, 0x0000000084900000|  0%| F|  |TAMS 0x0000000084800000, 0x0000000084800000| Untracked 
|  47|0x0000000084900000, 0x0000000084900000, 0x0000000084a00000|  0%| F|  |TAMS 0x0000000084900000, 0x0000000084900000| Untracked 
|  48|0x0000000084a00000, 0x0000000084a00000, 0x0000000084b00000|  0%| F|  |TAMS 0x0000000084a00000, 0x0000000084a00000| Untracked 
|  49|0x0000000084b00000, 0x0000000084b00000, 0x0000000084c00000|  0%| F|  |TAMS 0x0000000084b00000, 0x0000000084b00000| Untracked 
|  50|0x0000000084c00000, 0x0000000084c00000, 0x0000000084d00000|  0%| F|  |TAMS 0x0000000084c00000, 0x0000000084c00000| Untracked 
|  51|0x0000000084d00000, 0x0000000084d00000, 0x0000000084e00000|  0%| F|  |TAMS 0x0000000084d00000, 0x0000000084d00000| Untracked 
|  52|0x0000000084e00000, 0x0000000084e00000, 0x0000000084f00000|  0%| F|  |TAMS 0x0000000084e00000, 0x0000000084e00000| Untracked 
|  53|0x0000000084f00000, 0x0000000084f00000, 0x0000000085000000|  0%| F|  |TAMS 0x0000000084f00000, 0x0000000084f00000| Untracked 
|  54|0x0000000085000000, 0x0000000085000000, 0x0000000085100000|  0%| F|  |TAMS 0x0000000085000000, 0x0000000085000000| Untracked 
|  55|0x0000000085100000, 0x0000000085100000, 0x0000000085200000|  0%| F|  |TAMS 0x0000000085100000, 0x0000000085100000| Untracked 
|  56|0x0000000085200000, 0x0000000085200000, 0x0000000085300000|  0%| F|  |TAMS 0x0000000085200000, 0x0000000085200000| Untracked 
|  57|0x0000000085300000, 0x0000000085300000, 0x0000000085400000|  0%| F|  |TAMS 0x0000000085300000, 0x0000000085300000| Untracked 
|  58|0x0000000085400000, 0x0000000085400000, 0x0000000085500000|  0%| F|  |TAMS 0x0000000085400000, 0x0000000085400000| Untracked 
|  59|0x0000000085500000, 0x0000000085500000, 0x0000000085600000|  0%| F|  |TAMS 0x0000000085500000, 0x0000000085500000| Untracked 
|  60|0x0000000085600000, 0x0000000085600000, 0x0000000085700000|  0%| F|  |TAMS 0x0000000085600000, 0x0000000085600000| Untracked 
|  61|0x0000000085700000, 0x0000000085700000, 0x0000000085800000|  0%| F|  |TAMS 0x0000000085700000, 0x0000000085700000| Untracked 
|  62|0x0000000085800000, 0x0000000085800000, 0x0000000085900000|  0%| F|  |TAMS 0x0000000085800000, 0x0000000085800000| Untracked 
|  63|0x0000000085900000, 0x0000000085900000, 0x0000000085a00000|  0%| F|  |TAMS 0x0000000085900000, 0x0000000085900000| Untracked 
|  64|0x0000000085a00000, 0x0000000085a00000, 0x0000000085b00000|  0%| F|  |TAMS 0x0000000085a00000, 0x0000000085a00000| Untracked 
|  65|0x0000000085b00000, 0x0000000085b00000, 0x0000000085c00000|  0%| F|  |TAMS 0x0000000085b00000, 0x0000000085b00000| Untracked 
|  66|0x0000000085c00000, 0x0000000085c00000, 0x0000000085d00000|  0%| F|  |TAMS 0x0000000085c00000, 0x0000000085c00000| Untracked 
|  67|0x0000000085d00000, 0x0000000085d00000, 0x0000000085e00000|  0%| F|  |TAMS 0x0000000085d00000, 0x0000000085d00000| Untracked 
|  68|0x0000000085e00000, 0x0000000085e00000, 0x0000000085f00000|  0%| F|  |TAMS 0x0000000085e00000, 0x0000000085e00000| Untracked 
|  69|0x0000000085f00000, 0x0000000085f00000, 0x0000000086000000|  0%| F|  |TAMS 0x0000000085f00000, 0x0000000085f00000| Untracked 
|  70|0x0000000086000000, 0x0000000086000000, 0x0000000086100000|  0%| F|  |TAMS 0x0000000086000000, 0x0000000086000000| Untracked 
|  71|0x0000000086100000, 0x0000000086100000, 0x0000000086200000|  0%| F|  |TAMS 0x0000000086100000, 0x0000000086100000| Untracked 
|  72|0x0000000086200000, 0x0000000086200000, 0x0000000086300000|  0%| F|  |TAMS 0x0000000086200000, 0x0000000086200000| Untracked 
|  73|0x0000000086300000, 0x0000000086300000, 0x0000000086400000|  0%| F|  |TAMS 0x0000000086300000, 0x0000000086300000| Untracked 
|  74|0x0000000086400000, 0x0000000086400000, 0x0000000086500000|  0%| F|  |TAMS 0x0000000086400000, 0x0000000086400000| Untracked 
|  75|0x0000000086500000, 0x0000000086500000, 0x0000000086600000|  0%| F|  |TAMS 0x0000000086500000, 0x0000000086500000| Untracked 
|  76|0x0000000086600000, 0x0000000086600000, 0x0000000086700000|  0%| F|  |TAMS 0x0000000086600000, 0x0000000086600000| Untracked 
|  77|0x0000000086700000, 0x0000000086700000, 0x0000000086800000|  0%| F|  |TAMS 0x0000000086700000, 0x0000000086700000| Untracked 
|  78|0x0000000086800000, 0x0000000086800000, 0x0000000086900000|  0%| F|  |TAMS 0x0000000086800000, 0x0000000086800000| Untracked 
|  79|0x0000000086900000, 0x0000000086900000, 0x0000000086a00000|  0%| F|  |TAMS 0x0000000086900000, 0x0000000086900000| Untracked 
|  80|0x0000000086a00000, 0x0000000086a00000, 0x0000000086b00000|  0%| F|  |TAMS 0x0000000086a00000, 0x0000000086a00000| Untracked 
|  81|0x0000000086b00000, 0x0000000086b00000, 0x0000000086c00000|  0%| F|  |TAMS 0x0000000086b00000, 0x0000000086b00000| Untracked 
|  82|0x0000000086c00000, 0x0000000086c00000, 0x0000000086d00000|  0%| F|  |TAMS 0x0000000086c00000, 0x0000000086c00000| Untracked 
|  83|0x0000000086d00000, 0x0000000086d00000, 0x0000000086e00000|  0%| F|  |TAMS 0x0000000086d00000, 0x0000000086d00000| Untracked 
|  84|0x0000000086e00000, 0x0000000086e00000, 0x0000000086f00000|  0%| F|  |TAMS 0x0000000086e00000, 0x0000000086e00000| Untracked 
|  85|0x0000000086f00000, 0x0000000086f00000, 0x0000000087000000|  0%| F|  |TAMS 0x0000000086f00000, 0x0000000086f00000| Untracked 
|  86|0x0000000087000000, 0x0000000087000000, 0x0000000087100000|  0%| F|  |TAMS 0x0000000087000000, 0x0000000087000000| Untracked 
|  87|0x0000000087100000, 0x0000000087100000, 0x0000000087200000|  0%| F|  |TAMS 0x0000000087100000, 0x0000000087100000| Untracked 
|  88|0x0000000087200000, 0x0000000087200000, 0x0000000087300000|  0%| F|  |TAMS 0x0000000087200000, 0x0000000087200000| Untracked 
|  89|0x0000000087300000, 0x0000000087300000, 0x0000000087400000|  0%| F|  |TAMS 0x0000000087300000, 0x0000000087300000| Untracked 
|  90|0x0000000087400000, 0x0000000087400000, 0x0000000087500000|  0%| F|  |TAMS 0x0000000087400000, 0x0000000087400000| Untracked 
|  91|0x0000000087500000, 0x0000000087500000, 0x0000000087600000|  0%| F|  |TAMS 0x0000000087500000, 0x0000000087500000| Untracked 
|  92|0x0000000087600000, 0x0000000087600000, 0x0000000087700000|  0%| F|  |TAMS 0x0000000087600000, 0x0000000087600000| Untracked 
|  93|0x0000000087700000, 0x0000000087700000, 0x0000000087800000|  0%| F|  |TAMS 0x0000000087700000, 0x0000000087700000| Untracked 
|  94|0x0000000087800000, 0x0000000087800000, 0x0000000087900000|  0%| F|  |TAMS 0x0000000087800000, 0x0000000087800000| Untracked 
|  95|0x0000000087900000, 0x0000000087900000, 0x0000000087a00000|  0%| F|  |TAMS 0x0000000087900000, 0x0000000087900000| Untracked 
|  96|0x0000000087a00000, 0x0000000087a00000, 0x0000000087b00000|  0%| F|  |TAMS 0x0000000087a00000, 0x0000000087a00000| Untracked 
|  97|0x0000000087b00000, 0x0000000087b00000, 0x0000000087c00000|  0%| F|  |TAMS 0x0000000087b00000, 0x0000000087b00000| Untracked 
|  98|0x0000000087c00000, 0x0000000087c00000, 0x0000000087d00000|  0%| F|  |TAMS 0x0000000087c00000, 0x0000000087c00000| Untracked 
|  99|0x0000000087d00000, 0x0000000087d00000, 0x0000000087e00000|  0%| F|  |TAMS 0x0000000087d00000, 0x0000000087d00000| Untracked 
| 100|0x0000000087e00000, 0x0000000087e00000, 0x0000000087f00000|  0%| F|  |TAMS 0x0000000087e00000, 0x0000000087e00000| Untracked 
| 101|0x0000000087f00000, 0x0000000087f00000, 0x0000000088000000|  0%| F|  |TAMS 0x0000000087f00000, 0x0000000087f00000| Untracked 
| 102|0x0000000088000000, 0x0000000088000000, 0x0000000088100000|  0%| F|  |TAMS 0x0000000088000000, 0x0000000088000000| Untracked 
| 103|0x0000000088100000, 0x0000000088100000, 0x0000000088200000|  0%| F|  |TAMS 0x0000000088100000, 0x0000000088100000| Untracked 
| 104|0x0000000088200000, 0x0000000088200000, 0x0000000088300000|  0%| F|  |TAMS 0x0000000088200000, 0x0000000088200000| Untracked 
| 105|0x0000000088300000, 0x0000000088300000, 0x0000000088400000|  0%| F|  |TAMS 0x0000000088300000, 0x0000000088300000| Untracked 
| 106|0x0000000088400000, 0x0000000088400000, 0x0000000088500000|  0%| F|  |TAMS 0x0000000088400000, 0x0000000088400000| Untracked 
| 107|0x0000000088500000, 0x0000000088500000, 0x0000000088600000|  0%| F|  |TAMS 0x0000000088500000, 0x0000000088500000| Untracked 
| 108|0x0000000088600000, 0x0000000088600000, 0x0000000088700000|  0%| F|  |TAMS 0x0000000088600000, 0x0000000088600000| Untracked 
| 109|0x0000000088700000, 0x0000000088700000, 0x0000000088800000|  0%| F|  |TAMS 0x0000000088700000, 0x0000000088700000| Untracked 
| 110|0x0000000088800000, 0x0000000088800000, 0x0000000088900000|  0%| F|  |TAMS 0x0000000088800000, 0x0000000088800000| Untracked 
| 111|0x0000000088900000, 0x0000000088900000, 0x0000000088a00000|  0%| F|  |TAMS 0x0000000088900000, 0x0000000088900000| Untracked 
| 112|0x0000000088a00000, 0x0000000088a00000, 0x0000000088b00000|  0%| F|  |TAMS 0x0000000088a00000, 0x0000000088a00000| Untracked 
| 113|0x0000000088b00000, 0x0000000088c00000, 0x0000000088c00000|100%| S|CS|TAMS 0x0000000088b00000, 0x0000000088b00000| Complete 
| 114|0x0000000088c00000, 0x0000000088d00000, 0x0000000088d00000|100%| S|CS|TAMS 0x0000000088c00000, 0x0000000088c00000| Complete 
| 115|0x0000000088d00000, 0x0000000088d00000, 0x0000000088e00000|  0%| F|  |TAMS 0x0000000088d00000, 0x0000000088d00000| Untracked 
| 116|0x0000000088e00000, 0x0000000088e00000, 0x0000000088f00000|  0%| F|  |TAMS 0x0000000088e00000, 0x0000000088e00000| Untracked 
| 117|0x0000000088f00000, 0x0000000088f00000, 0x0000000089000000|  0%| F|  |TAMS 0x0000000088f00000, 0x0000000088f00000| Untracked 
| 118|0x0000000089000000, 0x0000000089000000, 0x0000000089100000|  0%| F|  |TAMS 0x0000000089000000, 0x0000000089000000| Untracked 
| 119|0x0000000089100000, 0x0000000089100000, 0x0000000089200000|  0%| F|  |TAMS 0x0000000089100000, 0x0000000089100000| Untracked 
| 120|0x0000000089200000, 0x0000000089200000, 0x0000000089300000|  0%| F|  |TAMS 0x0000000089200000, 0x0000000089200000| Untracked 
| 121|0x0000000089300000, 0x0000000089300000, 0x0000000089400000|  0%| F|  |TAMS 0x0000000089300000, 0x0000000089300000| Untracked 
| 122|0x0000000089400000, 0x0000000089400000, 0x0000000089500000|  0%| F|  |TAMS 0x0000000089400000, 0x0000000089400000| Untracked 
| 123|0x0000000089500000, 0x0000000089500000, 0x0000000089600000|  0%| F|  |TAMS 0x0000000089500000, 0x0000000089500000| Untracked 
| 124|0x0000000089600000, 0x0000000089600000, 0x0000000089700000|  0%| F|  |TAMS 0x0000000089600000, 0x0000000089600000| Untracked 
| 125|0x0000000089700000, 0x0000000089700000, 0x0000000089800000|  0%| F|  |TAMS 0x0000000089700000, 0x0000000089700000| Untracked 
| 126|0x0000000089800000, 0x0000000089800000, 0x0000000089900000|  0%| F|  |TAMS 0x0000000089800000, 0x0000000089800000| Untracked 
| 127|0x0000000089900000, 0x0000000089994a18, 0x0000000089a00000| 58%| E|  |TAMS 0x0000000089900000, 0x0000000089900000| Complete 

Card table byte_map: [0x00000177f8a20000,0x00000177f8e20000] _byte_map_base: 0x00000177f8613000

Marking Bits (Prev, Next): (CMBitMap*) 0x00000177f8580b10, (CMBitMap*) 0x00000177f8580b50
 Prev Bits: [0x00000177f9220000, 0x00000177fb1b8000)
 Next Bits: [0x00000177fb1c0000, 0x00000177fd158000)

Polling page: 0x00000177f7d20000

Metaspace:

Usage:
  Non-class:      5.88 MB capacity,     5.79 MB ( 99%) used,    80.50 KB (  1%) free+waste,     9.12 KB ( <1%) overhead. 
      Class:    765.00 KB capacity,   686.59 KB ( 90%) used,    74.22 KB ( 10%) free+waste,     4.19 KB ( <1%) overhead. 
       Both:      6.63 MB capacity,     6.46 MB ( 98%) used,   154.72 KB (  2%) free+waste,    13.31 KB ( <1%) overhead. 

Virtual space:
  Non-class space:        8.00 MB reserved,       6.00 MB ( 75%) committed 
      Class space:        1.00 GB reserved,     768.00 KB ( <1%) committed 
             Both:        1.01 GB reserved,       6.75 MB ( <1%) committed 

Chunk freelists:
   Non-Class:  60.00 KB
       Class:  3.00 KB
        Both:  63.00 KB

MaxMetaspaceSize: 17179869184.00 GB
CompressedClassSpaceSize: 1.00 GB

CodeHeap 'non-profiled nmethods': size=120000Kb used=235Kb max_used=235Kb free=119764Kb
 bounds [0x000001778fc30000, 0x000001778fea0000, 0x0000017797160000]
CodeHeap 'profiled nmethods': size=120000Kb used=1320Kb max_used=1320Kb free=118679Kb
 bounds [0x0000017788700000, 0x0000017788970000, 0x000001778fc30000]
CodeHeap 'non-nmethods': size=5760Kb used=1244Kb max_used=1255Kb free=4515Kb
 bounds [0x0000017788160000, 0x00000177883d0000, 0x0000017788700000]
 total_blobs=1383 nmethods=859 adapters=437
 compilation: enabled
              stopped_count=0, restarted_count=0
 full_count=0

Compilation events (20 events):
Event: 0.811 Thread 0x00000177ff63bbf0  854       3       java.lang.Class::reflectionData (43 bytes)
Event: 0.811 Thread 0x00000177ff63bbf0 nmethod 854 0x0000017788846e10 code [0x0000017788846fe0, 0x00000177888473d8]
Event: 0.811 Thread 0x00000177ff63bbf0  855       3       java.lang.Enum::<init> (15 bytes)
Event: 0.812 Thread 0x00000177ff63bbf0 nmethod 855 0x0000017788847510 code [0x00000177888476a0, 0x0000017788847858]
Event: 0.813 Thread 0x00000177ff63bbf0  856       3       jdk.internal.logger.LazyLoggers$LazyLoggerWrapper::platformProxy (10 bytes)
Event: 0.813 Thread 0x00000177ff63bbf0 nmethod 856 0x0000017788847910 code [0x0000017788847ac0, 0x0000017788847c48]
Event: 0.813 Thread 0x00000177ff63bbf0  857   !   3       jdk.internal.logger.LazyLoggers$LazyLoggerAccessor::platform (103 bytes)
Event: 0.814 Thread 0x00000177ff63bbf0 nmethod 857 0x0000017788847d10 code [0x0000017788847f40, 0x0000017788848c08]
Event: 0.814 Thread 0x00000177ff63bbf0  858       3       jdk.internal.logger.SimpleConsoleLogger::isLoggable (29 bytes)
Event: 0.814 Thread 0x00000177ff63bbf0 nmethod 858 0x0000017788848f10 code [0x00000177888490c0, 0x0000017788849408]
Event: 0.814 Thread 0x00000177ff63bbf0  859       3       jdk.internal.logger.SimpleConsoleLogger::effectiveLevel (17 bytes)
Event: 0.814 Thread 0x00000177ff63bbf0 nmethod 859 0x0000017788849510 code [0x00000177888496c0, 0x00000177888498c8]
Event: 0.815 Thread 0x00000177ff63bbf0  860       3       jdk.internal.logger.SurrogateLogger::defaultPlatformLevel (4 bytes)
Event: 0.815 Thread 0x00000177ff63bbf0 nmethod 860 0x0000017788849990 code [0x0000017788849b20, 0x0000017788849c38]
Event: 0.816 Thread 0x00000177ff63bbf0  861       3       sun.util.locale.LocaleUtils::isUpper (18 bytes)
Event: 0.816 Thread 0x00000177ff63bbf0 nmethod 861 0x0000017788849d10 code [0x0000017788849ea0, 0x000001778884a018]
Event: 0.822 Thread 0x00000177ff63bbf0  862       1       java.awt.AWTEvent::getID (5 bytes)
Event: 0.822 Thread 0x00000177ff63bbf0 nmethod 862 0x000001778fc6a990 code [0x000001778fc6ab20, 0x000001778fc6abd8]
Event: 0.826 Thread 0x00000177ff63bbf0  863       1       java.lang.reflect.Method::getModifiers (5 bytes)
Event: 0.826 Thread 0x00000177ff63bbf0 nmethod 863 0x000001778fc6ac90 code [0x000001778fc6ae20, 0x000001778fc6aed8]

GC Heap History (2 events):
Event: 0.788 GC heap before
{Heap before GC invocations=0 (full 0):
 garbage-first heap   total 131072K, used 16384K [0x0000000081a00000, 0x0000000100000000)
  region size 1024K, 13 young (13312K), 0 survivors (0K)
 Metaspace       used 6264K, capacity 6401K, committed 6656K, reserved 1056768K
  class space    used 646K, capacity 701K, committed 768K, reserved 1048576K
}
Event: 0.793 GC heap after
{Heap after GC invocations=1 (full 0):
 garbage-first heap   total 131072K, used 5649K [0x0000000081a00000, 0x0000000100000000)
  region size 1024K, 2 young (2048K), 2 survivors (2048K)
 Metaspace       used 6264K, capacity 6401K, committed 6656K, reserved 1056768K
  class space    used 646K, capacity 701K, committed 768K, reserved 1048576K
}

Deoptimization events (20 events):
Event: 0.726 Thread 0x00000177974d41c0 Uncommon trap: trap_request=0xffffffde fr.pc=0x000001778fc592e8 relative=0x0000000000000a68
Event: 0.726 Thread 0x00000177974d41c0 Uncommon trap: reason=class_check action=maybe_recompile pc=0x000001778fc592e8 method=java.util.HashMap.putVal(ILjava/lang/Object;Ljava/lang/Object;ZZ)Ljava/lang/Object; @ 203 c2
Event: 0.726 Thread 0x00000177974d41c0 DEOPT PACKING pc=0x000001778fc592e8 sp=0x00000034ab7fce60
Event: 0.726 Thread 0x00000177974d41c0 DEOPT UNPACKING pc=0x00000177881ae42f sp=0x00000034ab7fce10 mode 2
Event: 0.726 Thread 0x00000177974d41c0 Uncommon trap: trap_request=0xffffffde fr.pc=0x000001778fc592e8 relative=0x0000000000000a68
Event: 0.726 Thread 0x00000177974d41c0 Uncommon trap: reason=class_check action=maybe_recompile pc=0x000001778fc592e8 method=java.util.HashMap.putVal(ILjava/lang/Object;Ljava/lang/Object;ZZ)Ljava/lang/Object; @ 203 c2
Event: 0.726 Thread 0x00000177974d41c0 DEOPT PACKING pc=0x000001778fc592e8 sp=0x00000034ab7fce60
Event: 0.726 Thread 0x00000177974d41c0 DEOPT UNPACKING pc=0x00000177881ae42f sp=0x00000034ab7fce10 mode 2
Event: 0.727 Thread 0x00000177974d41c0 Uncommon trap: trap_request=0xffffffde fr.pc=0x000001778fc592e8 relative=0x0000000000000a68
Event: 0.727 Thread 0x00000177974d41c0 Uncommon trap: reason=class_check action=maybe_recompile pc=0x000001778fc592e8 method=java.util.HashMap.putVal(ILjava/lang/Object;Ljava/lang/Object;ZZ)Ljava/lang/Object; @ 203 c2
Event: 0.727 Thread 0x00000177974d41c0 DEOPT PACKING pc=0x000001778fc592e8 sp=0x00000034ab7fce60
Event: 0.727 Thread 0x00000177974d41c0 DEOPT UNPACKING pc=0x00000177881ae42f sp=0x00000034ab7fce10 mode 2
Event: 0.727 Thread 0x00000177974d41c0 Uncommon trap: trap_request=0xffffffde fr.pc=0x000001778fc592e8 relative=0x0000000000000a68
Event: 0.727 Thread 0x00000177974d41c0 Uncommon trap: reason=class_check action=maybe_recompile pc=0x000001778fc592e8 method=java.util.HashMap.putVal(ILjava/lang/Object;Ljava/lang/Object;ZZ)Ljava/lang/Object; @ 203 c2
Event: 0.727 Thread 0x00000177974d41c0 DEOPT PACKING pc=0x000001778fc592e8 sp=0x00000034ab7fce60
Event: 0.727 Thread 0x00000177974d41c0 DEOPT UNPACKING pc=0x00000177881ae42f sp=0x00000034ab7fce10 mode 2
Event: 0.727 Thread 0x00000177974d41c0 Uncommon trap: trap_request=0xffffff45 fr.pc=0x000001778fc494dc relative=0x000000000000023c
Event: 0.727 Thread 0x00000177974d41c0 Uncommon trap: reason=unstable_if action=reinterpret pc=0x000001778fc494dc method=java.lang.String.hashCode()I @ 20 c2
Event: 0.727 Thread 0x00000177974d41c0 DEOPT PACKING pc=0x000001778fc494dc sp=0x00000034ab7fcee0
Event: 0.727 Thread 0x00000177974d41c0 DEOPT UNPACKING pc=0x00000177881ae42f sp=0x00000034ab7fce70 mode 2

Classes unloaded (0 events):
No events

Classes redefined (0 events):
No events

Internal exceptions (14 events):
Event: 0.105 Thread 0x00000177f853d1b0 Exception <a 'java/lang/NoSuchMethodError'{0x00000000899ec440}: 'void java.lang.invoke.DirectMethodHandle$Holder.invokeSpecial(java.lang.Object, java.lang.Object, java.lang.Object)'> (0x00000000899ec440) 
thrown [./open/src/hotspot/share/interpreter/linkResolver.cpp, line 782]
Event: 0.127 Thread 0x00000177f853d1b0 Exception <a 'java/lang/ClassNotFoundException'{0x000000008980c3f8}: sun/awt/resources/spi/awtProvider> (0x000000008980c3f8) 
thrown [./open/src/hotspot/share/classfile/systemDictionary.cpp, line 295]
Event: 0.160 Thread 0x00000177f853d1b0 Exception <a 'java/io/FileNotFoundException'{0x0000000089868038}> (0x0000000089868038) 
thrown [./open/src/hotspot/share/prims/jni.cpp, line 578]
Event: 0.170 Thread 0x00000177f853d1b0 Exception <a 'java/io/FileNotFoundException'{0x0000000089896ba8}> (0x0000000089896ba8) 
thrown [./open/src/hotspot/share/prims/jni.cpp, line 578]
Event: 0.171 Thread 0x00000177f853d1b0 Exception <a 'java/lang/NoSuchMethodError'{0x0000000089897da0}: 'java.lang.Object java.lang.invoke.DirectMethodHandle$Holder.invokeStatic(java.lang.Object)'> (0x0000000089897da0) 
thrown [./open/src/hotspot/share/interpreter/linkResolver.cpp, line 782]
Event: 0.226 Thread 0x00000177f853d1b0 Exception <a 'java/lang/NoSuchMethodError'{0x00000000898f3a68}: 'java.lang.Object java.lang.invoke.DirectMethodHandle$Holder.invokeStaticInit(java.lang.Object)'> (0x00000000898f3a68) 
thrown [./open/src/hotspot/share/interpreter/linkResolver.cpp, line 782]
Event: 0.285 Thread 0x00000177f853d1b0 Exception <a 'java/lang/NoSuchMethodError'{0x00000000897a8b48}: 'java.lang.Object java.lang.invoke.DirectMethodHandle$Holder.newInvokeSpecial(java.lang.Object, java.lang.Object, java.lang.Object, java.lang.Object, java.lang.Object)'> (0x00000000897a8b48) 
thrown [./open/src/hotspot/share/interpreter/linkResolver.cpp, line 782]
Event: 0.287 Thread 0x00000177f853d1b0 Exception <a 'java/lang/NoSuchMethodError'{0x00000000897b45d8}: 'java.lang.Object java.lang.invoke.DirectMethodHandle$Holder.invokeStatic(java.lang.Object, int, java.lang.Object, java.lang.Object, java.lang.Object, java.lang.Object)'> (0x00000000897b45d8) 
thrown [./open/src/hotspot/share/interpreter/linkResolver.cpp, line 782]
Event: 0.293 Thread 0x00000177f853d1b0 Exception <a 'java/lang/NoSuchMethodError'{0x00000000897dab58}: 'java.lang.Object java.lang.invoke.DirectMethodHandle$Holder.invokeStatic(java.lang.Object, int, java.lang.Object)'> (0x00000000897dab58) 
thrown [./open/src/hotspot/share/interpreter/linkResolver.cpp, line 782]
Event: 0.325 Thread 0x00000177f853d1b0 Exception <a 'java/lang/ClassNotFoundException'{0x0000000089693408}: com/sun/swing/internal/plaf/metal/resources/spi/metalProvider> (0x0000000089693408) 
thrown [./open/src/hotspot/share/classfile/systemDictionary.cpp, line 295]
Event: 0.327 Thread 0x00000177f853d1b0 Exception <a 'java/lang/ClassNotFoundException'{0x00000000896977c0}: com/sun/swing/internal/plaf/basic/resources/spi/basicProvider> (0x00000000896977c0) 
thrown [./open/src/hotspot/share/classfile/systemDictionary.cpp, line 295]
Event: 0.379 Thread 0x00000177f853d1b0 Exception <a 'java/lang/NoSuchMethodError'{0x000000008950be90}: 'void java.lang.invoke.DirectMethodHandle$Holder.invokeStaticInit(java.lang.Object)'> (0x000000008950be90) 
thrown [./open/src/hotspot/share/interpreter/linkResolver.cpp, line 782]
Event: 0.522 Thread 0x00000177974d41c0 Exception <a 'java/io/FileNotFoundException'{0x00000000895e6550}> (0x00000000895e6550) 
thrown [./open/src/hotspot/share/prims/jni.cpp, line 578]
Event: 0.530 Thread 0x00000177974d41c0 Exception <a 'java/io/FileNotFoundException'{0x00000000895fdab8}> (0x00000000895fdab8) 
thrown [./open/src/hotspot/share/prims/jni.cpp, line 578]

Events (20 events):
Event: 0.821 loading class java/text/AttributedString
Event: 0.821 loading class java/text/AttributedString done
Event: 0.821 loading class java/text/AttributedString$AttributedStringIterator
Event: 0.821 loading class java/text/AttributedCharacterIterator
Event: 0.821 loading class java/text/CharacterIterator
Event: 0.821 loading class java/text/CharacterIterator done
Event: 0.821 loading class java/text/AttributedCharacterIterator done
Event: 0.821 loading class java/text/AttributedString$AttributedStringIterator done
Event: 0.822 loading class java/awt/TextComponent
Event: 0.822 loading class java/awt/TextComponent done
Event: 0.822 loading class javax/swing/text/JTextComponent
Event: 0.823 loading class javax/swing/Scrollable
Event: 0.823 loading class javax/swing/Scrollable done
Event: 0.824 loading class javax/swing/text/JTextComponent done
Event: 0.824 loading class java/util/concurrent/locks/AbstractQueuedSynchronizer$ConditionNode
Event: 0.824 loading class java/util/concurrent/ForkJoinPool$ManagedBlocker
Event: 0.824 loading class java/util/concurrent/ForkJoinPool$ManagedBlocker done
Event: 0.824 loading class java/util/concurrent/locks/AbstractQueuedSynchronizer$Node
Event: 0.824 loading class java/util/concurrent/locks/AbstractQueuedSynchronizer$Node done
Event: 0.824 loading class java/util/concurrent/locks/AbstractQueuedSynchronizer$ConditionNode done


Dynamic libraries:
0x00007ff7df8a0000 - 0x00007ff7df8af000 	C:\Program Files\Java\jdk-15.0.2\bin\javaw.exe
0x00007ffb98bd0000 - 0x00007ffb98dc5000 	C:\Windows\SYSTEM32\ntdll.dll
0x00007ffb97930000 - 0x00007ffb979ed000 	C:\Windows\System32\KERNEL32.DLL
0x00007ffb96610000 - 0x00007ffb968d9000 	C:\Windows\System32\KERNELBASE.dll
0x00007ffb968e0000 - 0x00007ffb969e0000 	C:\Windows\System32\ucrtbase.dll
0x00007ffb87900000 - 0x00007ffb87919000 	C:\Program Files\Java\jdk-15.0.2\bin\VCRUNTIME140.dll
0x00007ffb91d50000 - 0x00007ffb91d68000 	C:\Program Files\Java\jdk-15.0.2\bin\jli.dll
0x00007ffb989e0000 - 0x00007ffb98a8c000 	C:\Windows\System32\ADVAPI32.dll
0x00007ffb98af0000 - 0x00007ffb98b8e000 	C:\Windows\System32\msvcrt.dll
0x00007ffb98020000 - 0x00007ffb980bb000 	C:\Windows\System32\sechost.dll
0x00007ffb96c40000 - 0x00007ffb96d6a000 	C:\Windows\System32\RPCRT4.dll
0x00007ffb96e20000 - 0x00007ffb96fc0000 	C:\Windows\System32\USER32.dll
0x00007ffb96450000 - 0x00007ffb96472000 	C:\Windows\System32\win32u.dll
0x00007ffb980c0000 - 0x00007ffb980ea000 	C:\Windows\System32\GDI32.dll
0x00007ffb8e590000 - 0x00007ffb8e82a000 	C:\Windows\WinSxS\amd64_microsoft.windows.common-controls_6595b64144ccf1df_6.0.19041.1110_none_60b5254171f9507e\COMCTL32.dll
0x00007ffb96310000 - 0x00007ffb9641b000 	C:\Windows\System32\gdi32full.dll
0x00007ffb96b40000 - 0x00007ffb96bdd000 	C:\Windows\System32\msvcp_win.dll
0x00007ffb90230000 - 0x00007ffb9023a000 	C:\Windows\SYSTEM32\VERSION.dll
0x00007ffb97c40000 - 0x00007ffb97c70000 	C:\Windows\System32\IMM32.DLL
0x00007ffb91d40000 - 0x00007ffb91d4c000 	C:\Program Files\Java\jdk-15.0.2\bin\vcruntime140_1.dll
0x00007ffb8db90000 - 0x00007ffb8dc21000 	C:\Program Files\Java\jdk-15.0.2\bin\msvcp140.dll
0x00007ffb6e3c0000 - 0x00007ffb6ef1e000 	C:\Program Files\Java\jdk-15.0.2\bin\server\jvm.dll
0x00007ffb97700000 - 0x00007ffb97708000 	C:\Windows\System32\PSAPI.DLL
0x00007ffb8c7b0000 - 0x00007ffb8c7b9000 	C:\Windows\SYSTEM32\WSOCK32.dll
0x00007ffb978c0000 - 0x00007ffb9792b000 	C:\Windows\System32\WS2_32.dll
0x00007ffb8f570000 - 0x00007ffb8f597000 	C:\Windows\SYSTEM32\WINMM.dll
0x00007ffb94240000 - 0x00007ffb94252000 	C:\Windows\SYSTEM32\kernel.appcore.dll
0x00007ffb915b0000 - 0x00007ffb915ba000 	C:\Program Files\Java\jdk-15.0.2\bin\jimage.dll
0x00007ffb8eb20000 - 0x00007ffb8ed04000 	C:\Windows\SYSTEM32\DBGHELP.DLL
0x00007ffb8eaf0000 - 0x00007ffb8eb1c000 	C:\Windows\SYSTEM32\dbgcore.DLL
0x00007ffb96580000 - 0x00007ffb96603000 	C:\Windows\System32\bcryptPrimitives.dll
0x00007ffb91580000 - 0x00007ffb915a5000 	C:\Program Files\Java\jdk-15.0.2\bin\java.dll
0x00007ffb96fc0000 - 0x00007ffb976ff000 	C:\Windows\System32\SHELL32.dll
0x00007ffb94440000 - 0x00007ffb94bd1000 	C:\Windows\SYSTEM32\windows.storage.dll
0x00007ffb98680000 - 0x00007ffb989d5000 	C:\Windows\System32\combase.dll
0x00007ffb95d80000 - 0x00007ffb95dac000 	C:\Windows\SYSTEM32\Wldp.dll
0x00007ffb979f0000 - 0x00007ffb97a9e000 	C:\Windows\System32\SHCORE.dll
0x00007ffb98a90000 - 0x00007ffb98ae5000 	C:\Windows\System32\shlwapi.dll
0x00007ffb96250000 - 0x00007ffb9626f000 	C:\Windows\SYSTEM32\profapi.dll
0x00007ffb647a0000 - 0x00007ffb64920000 	C:\Program Files\Java\jdk-15.0.2\bin\awt.dll
0x00007ffb97cd0000 - 0x00007ffb97d9d000 	C:\Windows\System32\OLEAUT32.dll
0x00007ffb93cb0000 - 0x00007ffb93d40000 	C:\Windows\SYSTEM32\apphelp.dll
0x00007ffb94030000 - 0x00007ffb9405f000 	C:\Windows\system32\DWMAPI.DLL
0x00007ffb93e70000 - 0x00007ffb93f0e000 	C:\Windows\system32\uxtheme.dll
0x00007ffb81200000 - 0x00007ffb81325000 	C:\Windows\system32\opengl32.dll
0x00007ffb8eef0000 - 0x00007ffb8ef1c000 	C:\Windows\SYSTEM32\GLU32.dll
0x00007ffb980f0000 - 0x00007ffb98205000 	C:\Windows\System32\MSCTF.dll
0x00007ffb97b10000 - 0x00007ffb97c3a000 	C:\Windows\System32\ole32.dll
0x00007ffb665e0000 - 0x00007ffb66665000 	C:\Program Files\Java\jdk-15.0.2\bin\freetype.dll
0x00007ffb65eb0000 - 0x00007ffb65f59000 	C:\Program Files\Java\jdk-15.0.2\bin\fontmanager.dll
0x00007ffb8d7b0000 - 0x00007ffb8d8a9000 	C:\Windows\SYSTEM32\textinputframework.dll
0x00007ffb93720000 - 0x00007ffb93a7e000 	C:\Windows\System32\CoreUIComponents.dll
0x00007ffb93a80000 - 0x00007ffb93b72000 	C:\Windows\System32\CoreMessaging.dll
0x00007ffb933d0000 - 0x00007ffb93524000 	C:\Windows\SYSTEM32\wintypes.dll
0x00007ffb94f30000 - 0x00007ffb94f63000 	C:\Windows\SYSTEM32\ntmarta.dll
0x00007ffb91560000 - 0x00007ffb91579000 	C:\Program Files\Java\jdk-15.0.2\bin\net.dll
0x00007ffb8ed10000 - 0x00007ffb8ee1a000 	C:\Windows\SYSTEM32\WINHTTP.dll
0x00007ffb95ae0000 - 0x00007ffb95b4a000 	C:\Windows\system32\mswsock.dll
0x00007ffb8db70000 - 0x00007ffb8db82000 	C:\Program Files\Java\jdk-15.0.2\bin\nio.dll

dbghelp: loaded successfully - version: 4.0.5 - missing functions: none
symbol engine: initialized successfully - sym options: 0x614 - pdb path: .;C:\Program Files\Java\jdk-15.0.2\bin;C:\Windows\SYSTEM32;C:\Windows\WinSxS\amd64_microsoft.windows.common-controls_6595b64144ccf1df_6.0.19041.1110_none_60b5254171f9507e;C:\Program Files\Java\jdk-15.0.2\bin\server

VM Arguments:
jvm_args: -Dfile.encoding=Cp1252 -XX:+ShowCodeDetailsInExceptionMessages 
java_command: quiz_application.Rules
java_class_path (initial): D:\Java_Projects\Quiz_Application\bin
Launcher Type: SUN_STANDARD

[Global flags]
     intx CICompilerCount                          = 3                                         {product} {ergonomic}
     uint ConcGCThreads                            = 1                                         {product} {ergonomic}
     uint G1ConcRefinementThreads                  = 4                                         {product} {ergonomic}
   size_t G1HeapRegionSize                         = 1048576                                   {product} {ergonomic}
    uintx GCDrainStackTargetSize                   = 64                                        {product} {ergonomic}
   size_t InitialHeapSize                          = 134217728                                 {product} {ergonomic}
   size_t MarkStackSize                            = 4194304                                   {product} {ergonomic}
   size_t MaxHeapSize                              = 2120220672                                {product} {ergonomic}
   size_t MaxNewSize                               = 1271922688                                {product} {ergonomic}
   size_t MinHeapDeltaBytes                        = 1048576                                   {product} {ergonomic}
   size_t MinHeapSize                              = 8388608                                   {product} {ergonomic}
    uintx NonNMethodCodeHeapSize                   = 5832780                                {pd product} {ergonomic}
    uintx NonProfiledCodeHeapSize                  = 122912730                              {pd product} {ergonomic}
    uintx ProfiledCodeHeapSize                     = 122912730                              {pd product} {ergonomic}
    uintx ReservedCodeCacheSize                    = 251658240                              {pd product} {ergonomic}
     bool SegmentedCodeCache                       = true                                      {product} {ergonomic}
     bool ShowCodeDetailsInExceptionMessages       = true                                   {manageable} {command line}
   size_t SoftMaxHeapSize                          = 2120220672                             {manageable} {ergonomic}
     bool UseCompressedClassPointers               = true                                 {lp64_product} {ergonomic}
     bool UseCompressedOops                        = true                                 {lp64_product} {ergonomic}
     bool UseG1GC                                  = true                                      {product} {ergonomic}
     bool UseLargePagesIndividualAllocation        = false                                  {pd product} {ergonomic}

Logging:
Log output configuration:
 #0: stdout all=warning uptime,level,tags
 #1: stderr all=off uptime,level,tags

Environment Variables:
PATH=C:\oraclexe\app\oracle\product\11.2.0\server\bin;;C:\Users\USER\AppData\Local\Programs\Python\Python39\Scripts\;C:\Users\USER\AppData\Local\Programs\Python\Python39\;C:\Program Files\Common Files\Oracle\Java\javapath;C:\Windows\system32;C:\Windows;C:\Windows\System32\Wbem;C:\Windows\System32\WindowsPowerShell\v1.0\;C:\Windows\System32\OpenSSH\;C:\Program Files (x86)\ATI Technologies\ATI.ACE\Core-Static;C:\Program Files\Java\jdk-15.0.2\bin;C:\Program Files\nodejs\;C:\ProgramData\chocolatey\bin;C:\Program Files\Git\cmd;C:\Users\USER\AppData\Local\Microsoft\WindowsApps;;C:\Users\USER\AppData\Local\Programs\Microsoft VS Code\bin;C:\Users\USER\AppData\Roaming\npm
USERNAME=USER
OS=Windows_NT
PROCESSOR_IDENTIFIER=Intel64 Family 6 Model 78 Stepping 3, GenuineIntel



---------------  S Y S T E M  ---------------

OS:
 Windows 10 , 64 bit Build 19041 (10.0.19041.1023)
OS uptime: 2 days 23:46 hours

CPU: total 4 (initial active 4) (2 cores per cpu, 2 threads per core) family 6 model 78 stepping 3 microcode 0xcc, cmov, cx8, fxsr, mmx, sse, sse2, sse3, ssse3, sse4.1, sse4.2, popcnt, vzeroupper, avx, avx2, aes, clmul, erms, 3dnowpref, lzcnt, ht, tsc, tscinvbit, bmi1, bmi2, adx, fma, clflush, clflushopt

Memory: 4k page, system-wide physical 8083M (889M free)
TotalPageFile size 32659M (AvailPageFile size 5M)
current process WorkingSet (physical memory assigned to process): 71M, peak: 71M
current process commit charge ("private bytes"): 219M, peak: 220M

vm_info: Java HotSpot(TM) 64-Bit Server VM (15.0.2+7-27) for windows-amd64 JRE (15.0.2+7-27), built on Dec  7 2020 20:07:01 by "mach5one" with unknown MS VC++:1925

END.
