#
# There is insufficient memory for the Java Runtime Environment to continue.
# Native memory allocation (mmap) failed to map 134217728 bytes for G1 virtual space
# Possible reasons:
#   The system is out of physical RAM or swap space
#   The process is running with CompressedOops enabled, and the Java Heap may be blocking the growth of the native heap
# Possible solutions:
#   Reduce memory load on the system
#   Increase physical memory or swap space
#   Check if swap backing store is full
#   Decrease Java heap size (-Xmx/-Xms)
#   Decrease number of Java threads
#   Decrease Java thread stack sizes (-Xss)
#   Set larger code cache with -XX:ReservedCodeCacheSize=
#   JVM is running with Unscaled Compressed Oops mode in which the Java heap is
#     placed in the first 4GB address space. The Java Heap base address is the
#     maximum limit for the native heap growth. Please use -XX:HeapBaseMinAddress
#     to set the Java Heap base and to place the Java Heap above 4GB virtual address.
# This output file may be truncated or incomplete.
#
#  Out of Memory Error (./open/src/hotspot/os/windows/os_windows.cpp:3321), pid=24160, tid=23680
#
# JRE version:  (15.0.2+7) (build )
# Java VM: Java HotSpot(TM) 64-Bit Server VM (15.0.2+7-27, mixed mode, sharing, tiered, compressed oops, g1 gc, windows-amd64)
# No core dump will be written. Minidumps are not enabled by default on client versions of Windows
#

---------------  S U M M A R Y ------------

Command Line: -Dfile.encoding=Cp1252 -XX:+ShowCodeDetailsInExceptionMessages quiz_application.Rules

Host: Intel(R) Core(TM) i5-6200U CPU @ 2.30GHz, 4 cores, 7G,  Windows 10 , 64 bit Build 19041 (10.0.19041.1023)
Time: Sat Jul 24 03:02:57 2021 India Standard Time elapsed time: 0.016274 seconds (0d 0h 0m 0s)

---------------  T H R E A D  ---------------

Current thread (0x000002c3a59bcc50):  JavaThread "Unknown thread" [_thread_in_vm, id=23680, stack(0x000000f93b200000,0x000000f93b300000)]

Stack: [0x000000f93b200000,0x000000f93b300000]
Native frames: (J=compiled Java code, j=interpreted, Vv=VM code, C=native code)
V  [jvm.dll+0x62ae9a]
V  [jvm.dll+0x7817a9]
V  [jvm.dll+0x782f03]
V  [jvm.dll+0x783563]
V  [jvm.dll+0x216325]
V  [jvm.dll+0x6281d9]
V  [jvm.dll+0x61cf55]
V  [jvm.dll+0x2cffdd]
V  [jvm.dll+0x2cfe42]
V  [jvm.dll+0x2d5e1c]
V  [jvm.dll+0x32590a]
V  [jvm.dll+0x324fd4]
V  [jvm.dll+0x2a6f5a]
V  [jvm.dll+0x2a80f8]
V  [jvm.dll+0x75e241]
V  [jvm.dll+0x3341c4]
V  [jvm.dll+0x73e926]
V  [jvm.dll+0x3b7557]
V  [jvm.dll+0x3b8fe1]
C  [jli.dll+0x52fb]
C  [ucrtbase.dll+0x21bb2]
C  [KERNEL32.DLL+0x17034]
C  [ntdll.dll+0x52651]


---------------  P R O C E S S  ---------------

Threads class SMR info:
_java_thread_list=0x00007ffb6ee84ff0, length=0, elements={
}

Java Threads: ( => current thread )

Other Threads:
  0x000002c3a59fd1a0 GCTaskThread "GC Thread#0" [stack: 0x000000f93b300000,0x000000f93b400000] [id=22732]
  0x000002c3a5a0f670 ConcurrentGCThread "G1 Main Marker" [stack: 0x000000f93b400000,0x000000f93b500000] [id=22680]
  0x000002c3a5a10170 ConcurrentGCThread "G1 Conc#0" [stack: 0x000000f93b500000,0x000000f93b600000] [id=21412]

[error occurred during error reporting (printing all threads), id 0xc0000005, EXCEPTION_ACCESS_VIOLATION (0xc0000005) at pc=0x00007ffb6e677e27]

VM state: not at safepoint (not fully initialized)

VM Mutex/Monitor currently owned by a thread:  ([mutex/lock_event])
[0x000002c3a59ba6f0] Heap_lock - owner thread: 0x000002c3a59bcc50

Heap address: 0x0000000081a00000, size: 2022 MB, Compressed Oops mode: 32-bit
CDS archive(s) mapped at: [0x0000000000000000-0x0000000000000000-0x0000000000000000), size 0, SharedBaseAddress: 0x0000000800000000, ArchiveRelocationMode: 0.
Narrow klass base: 0x0000000000000000, Narrow klass shift: 0, Narrow klass range: 0x0

Heap:
 garbage-first heap   total 131072K, used 0K [0x0000000081a00000, 0x0000000100000000)
  region size 1024K, 0 young (0K), 0 survivors (0K)
 Metaspace       used 0K, capacity 0K, committed 0K, reserved 0K
  class space    used 0K, capacity 0K, committed 0K, reserved 0K

Heap Regions: E=young(eden), S=young(survivor), O=old, HS=humongous(starts), HC=humongous(continues), CS=collection set, F=free, OA=open archive, CA=closed archive, TAMS=top-at-mark-start (previous, next)

Card table byte_map: [0x000002c3bd000000,0x000002c3bd400000] _byte_map_base: 0x000002c3bcbf3000

Marking Bits (Prev, Next): (CMBitMap*) 0x000002c3a59fe8b0, (CMBitMap*) 0x000002c3a59fe8f0
 Prev Bits: [0x000002c3bd800000, 0x000002c3bf798000)
 Next Bits: [0x000002c3bf7a0000, 0x000002c3c1738000)

GC Heap History (0 events):
No events

Deoptimization events (0 events):
No events

Classes unloaded (0 events):
No events

Classes redefined (0 events):
No events

Internal exceptions (0 events):
No events

Events (1 events):
Event: 0.009 Loaded shared library C:\Program Files\Java\jdk-15.0.2\bin\java.dll


Dynamic libraries:
0x00007ff7df8a0000 - 0x00007ff7df8af000 	C:\Program Files\Java\jdk-15.0.2\bin\javaw.exe
0x00007ffb98bd0000 - 0x00007ffb98dc5000 	C:\Windows\SYSTEM32\ntdll.dll
0x00007ffb97930000 - 0x00007ffb979ed000 	C:\Windows\System32\KERNEL32.DLL
0x00007ffb96610000 - 0x00007ffb968d9000 	C:\Windows\System32\KERNELBASE.dll
0x00007ffb968e0000 - 0x00007ffb969e0000 	C:\Windows\System32\ucrtbase.dll
0x00007ffb91d50000 - 0x00007ffb91d68000 	C:\Program Files\Java\jdk-15.0.2\bin\jli.dll
0x00007ffb989e0000 - 0x00007ffb98a8c000 	C:\Windows\System32\ADVAPI32.dll
0x00007ffb98af0000 - 0x00007ffb98b8e000 	C:\Windows\System32\msvcrt.dll
0x00007ffb98020000 - 0x00007ffb980bb000 	C:\Windows\System32\sechost.dll
0x00007ffb96c40000 - 0x00007ffb96d6a000 	C:\Windows\System32\RPCRT4.dll
0x00007ffb96e20000 - 0x00007ffb96fc0000 	C:\Windows\System32\USER32.dll
0x00007ffb87900000 - 0x00007ffb87919000 	C:\Program Files\Java\jdk-15.0.2\bin\VCRUNTIME140.dll
0x00007ffb96450000 - 0x00007ffb96472000 	C:\Windows\System32\win32u.dll
0x00007ffb980c0000 - 0x00007ffb980ea000 	C:\Windows\System32\GDI32.dll
0x00007ffb96310000 - 0x00007ffb9641b000 	C:\Windows\System32\gdi32full.dll
0x00007ffb96b40000 - 0x00007ffb96bdd000 	C:\Windows\System32\msvcp_win.dll
0x00007ffb8e590000 - 0x00007ffb8e82a000 	C:\Windows\WinSxS\amd64_microsoft.windows.common-controls_6595b64144ccf1df_6.0.19041.1110_none_60b5254171f9507e\COMCTL32.dll
0x00007ffb90230000 - 0x00007ffb9023a000 	C:\Windows\SYSTEM32\VERSION.dll
0x00007ffb97c40000 - 0x00007ffb97c70000 	C:\Windows\System32\IMM32.DLL
0x00007ffb91d40000 - 0x00007ffb91d4c000 	C:\Program Files\Java\jdk-15.0.2\bin\vcruntime140_1.dll
0x00007ffb8db90000 - 0x00007ffb8dc21000 	C:\Program Files\Java\jdk-15.0.2\bin\msvcp140.dll
0x00007ffb6e3c0000 - 0x00007ffb6ef1e000 	C:\Program Files\Java\jdk-15.0.2\bin\server\jvm.dll
0x00007ffb97700000 - 0x00007ffb97708000 	C:\Windows\System32\PSAPI.DLL
0x00007ffb8c7b0000 - 0x00007ffb8c7b9000 	C:\Windows\SYSTEM32\WSOCK32.dll
0x00007ffb978c0000 - 0x00007ffb9792b000 	C:\Windows\System32\WS2_32.dll
0x00007ffb8f570000 - 0x00007ffb8f597000 	C:\Windows\SYSTEM32\WINMM.dll
0x00007ffb94240000 - 0x00007ffb94252000 	C:\Windows\SYSTEM32\kernel.appcore.dll
0x00007ffb915b0000 - 0x00007ffb915ba000 	C:\Program Files\Java\jdk-15.0.2\bin\jimage.dll
0x00007ffb8eb20000 - 0x00007ffb8ed04000 	C:\Windows\SYSTEM32\DBGHELP.DLL
0x00007ffb8eaf0000 - 0x00007ffb8eb1c000 	C:\Windows\SYSTEM32\dbgcore.DLL
0x00007ffb96580000 - 0x00007ffb96603000 	C:\Windows\System32\bcryptPrimitives.dll
0x00007ffb91580000 - 0x00007ffb915a5000 	C:\Program Files\Java\jdk-15.0.2\bin\java.dll

dbghelp: loaded successfully - version: 4.0.5 - missing functions: none
symbol engine: initialized successfully - sym options: 0x614 - pdb path: .;C:\Program Files\Java\jdk-15.0.2\bin;C:\Windows\SYSTEM32;C:\Windows\WinSxS\amd64_microsoft.windows.common-controls_6595b64144ccf1df_6.0.19041.1110_none_60b5254171f9507e;C:\Program Files\Java\jdk-15.0.2\bin\server

VM Arguments:
jvm_args: -Dfile.encoding=Cp1252 -XX:+ShowCodeDetailsInExceptionMessages 
java_command: quiz_application.Rules
java_class_path (initial): D:\Java_Projects\Quiz_Application\bin
Launcher Type: SUN_STANDARD

[Global flags]
     intx CICompilerCount                          = 3                                         {product} {ergonomic}
     uint ConcGCThreads                            = 1                                         {product} {ergonomic}
     uint G1ConcRefinementThreads                  = 4                                         {product} {ergonomic}
   size_t G1HeapRegionSize                         = 1048576                                   {product} {ergonomic}
    uintx GCDrainStackTargetSize                   = 64                                        {product} {ergonomic}
   size_t InitialHeapSize                          = 134217728                                 {product} {ergonomic}
   size_t MarkStackSize                            = 4194304                                   {product} {ergonomic}
   size_t MaxHeapSize                              = 2120220672                                {product} {ergonomic}
   size_t MinHeapDeltaBytes                        = 1048576                                   {product} {ergonomic}
   size_t MinHeapSize                              = 8388608                                   {product} {ergonomic}
    uintx NonNMethodCodeHeapSize                   = 5832780                                {pd product} {ergonomic}
    uintx NonProfiledCodeHeapSize                  = 122912730                              {pd product} {ergonomic}
    uintx ProfiledCodeHeapSize                     = 122912730                              {pd product} {ergonomic}
    uintx ReservedCodeCacheSize                    = 251658240                              {pd product} {ergonomic}
     bool SegmentedCodeCache                       = true                                      {product} {ergonomic}
     bool ShowCodeDetailsInExceptionMessages       = true                                   {manageable} {command line}
   size_t SoftMaxHeapSize                          = 2120220672                             {manageable} {ergonomic}
     bool UseCompressedClassPointers               = true                                 {lp64_product} {ergonomic}
     bool UseCompressedOops                        = true                                 {lp64_product} {ergonomic}
     bool UseG1GC                                  = true                                      {product} {ergonomic}
     bool UseLargePagesIndividualAllocation        = false                                  {pd product} {ergonomic}

Logging:
Log output configuration:
 #0: stdout all=warning uptime,level,tags
 #1: stderr all=off uptime,level,tags

Environment Variables:
PATH=C:\oraclexe\app\oracle\product\11.2.0\server\bin;;C:\Users\USER\AppData\Local\Programs\Python\Python39\Scripts\;C:\Users\USER\AppData\Local\Programs\Python\Python39\;C:\Program Files\Common Files\Oracle\Java\javapath;C:\Windows\system32;C:\Windows;C:\Windows\System32\Wbem;C:\Windows\System32\WindowsPowerShell\v1.0\;C:\Windows\System32\OpenSSH\;C:\Program Files (x86)\ATI Technologies\ATI.ACE\Core-Static;C:\Program Files\Java\jdk-15.0.2\bin;C:\Program Files\nodejs\;C:\ProgramData\chocolatey\bin;C:\Program Files\Git\cmd;C:\Users\USER\AppData\Local\Microsoft\WindowsApps;;C:\Users\USER\AppData\Local\Programs\Microsoft VS Code\bin;C:\Users\USER\AppData\Roaming\npm
USERNAME=USER
OS=Windows_NT
PROCESSOR_IDENTIFIER=Intel64 Family 6 Model 78 Stepping 3, GenuineIntel



---------------  S Y S T E M  ---------------

OS:
 Windows 10 , 64 bit Build 19041 (10.0.19041.1023)
OS uptime: 2 days 23:44 hours

CPU: total 4 (initial active 4) (2 cores per cpu, 2 threads per core) family 6 model 78 stepping 3 microcode 0xcc, cmov, cx8, fxsr, mmx, sse, sse2, sse3, ssse3, sse4.1, sse4.2, popcnt, vzeroupper, avx, avx2, aes, clmul, erms, 3dnowpref, lzcnt, ht, tsc, tscinvbit, bmi1, bmi2, adx, fma, clflush, clflushopt

Memory: 4k page, system-wide physical 8083M (753M free)
TotalPageFile size 32641M (AvailPageFile size 49M)
current process WorkingSet (physical memory assigned to process): 9M, peak: 9M
current process commit charge ("private bytes"): 51M, peak: 179M

vm_info: Java HotSpot(TM) 64-Bit Server VM (15.0.2+7-27) for windows-amd64 JRE (15.0.2+7-27), built on Dec  7 2020 20:07:01 by "mach5one" with unknown MS VC++:1925

END.
